<?xml version="1.0" encoding="UTF-8"?>
<!-- Generated by org.testng.reporters.JUnitXMLReporter -->
<testsuite ignored="0" hostname="pro-Vasudevan" failures="0" tests="6" name="Default test" time="14.51" errors="0" timestamp="2022-07-28T10:09:07 IST">
  <testcase classname="SparkReport.Utility" name="Homepage" time="3.064"/>
  <testcase classname="SparkReport.Utility" name="loginpage" time="3.159"/>
  <testcase classname="SparkReport.Utility" name="forgetpassword" time="2.075"/>
  <testcase classname="SparkReport.Utility" name="emailsubmittion" time="2.097"/>
  <testcase classname="SparkReport.Utility" name="eye" time="2.041"/>
  <testcase classname="SparkReport.Utility" name="hidepassword" time="2.042"/>
</testsuite> <!-- Default test -->
