<?xml version="1.0" encoding="UTF-8"?>
<testng-results ignored="0" total="6" passed="6" failed="0" skipped="0">
  <reporter-output>
  </reporter-output>
  <suite started-at="2022-07-29T14:58:54 IST" name="Suite1" finished-at="2022-07-29T14:59:09 IST" duration-ms="14861">
    <groups>
    </groups>
    <test started-at="2022-07-29T14:58:54 IST" name="SparkReport" finished-at="2022-07-29T14:59:09 IST" duration-ms="14861">
      <class name="SparkReport.Utility">
        <test-method is-config="true" signature="launchbrowser()[pri:0, instance:SparkReport.Utility@1ed4ae0f]" started-at="2022-07-29T14:58:46 IST" name="launchbrowser" finished-at="2022-07-29T14:58:54 IST" duration-ms="8151" status="PASS">
          <reporter-output>
          </reporter-output>
        </test-method> <!-- launchbrowser -->
        <test-method signature="Homepage()[pri:1, instance:SparkReport.Utility@1ed4ae0f]" started-at="2022-07-29T14:58:54 IST" name="Homepage" finished-at="2022-07-29T14:58:57 IST" duration-ms="3122" status="PASS">
          <reporter-output>
          </reporter-output>
        </test-method> <!-- Homepage -->
        <test-method signature="loginpage()[pri:2, instance:SparkReport.Utility@1ed4ae0f]" started-at="2022-07-29T14:58:57 IST" name="loginpage" finished-at="2022-07-29T14:59:01 IST" duration-ms="3374" status="PASS">
          <reporter-output>
          </reporter-output>
        </test-method> <!-- loginpage -->
        <test-method signature="forgetpassword()[pri:3, instance:SparkReport.Utility@1ed4ae0f]" started-at="2022-07-29T14:59:01 IST" name="forgetpassword" finished-at="2022-07-29T14:59:03 IST" duration-ms="2084" status="PASS">
          <reporter-output>
          </reporter-output>
        </test-method> <!-- forgetpassword -->
        <test-method signature="emailsubmittion()[pri:4, instance:SparkReport.Utility@1ed4ae0f]" started-at="2022-07-29T14:59:03 IST" name="emailsubmittion" finished-at="2022-07-29T14:59:05 IST" duration-ms="2117" status="PASS">
          <reporter-output>
          </reporter-output>
        </test-method> <!-- emailsubmittion -->
        <test-method signature="eye()[pri:5, instance:SparkReport.Utility@1ed4ae0f]" started-at="2022-07-29T14:59:05 IST" name="eye" finished-at="2022-07-29T14:59:07 IST" duration-ms="2049" status="PASS">
          <reporter-output>
          </reporter-output>
        </test-method> <!-- eye -->
        <test-method signature="hidepassword()[pri:6, instance:SparkReport.Utility@1ed4ae0f]" started-at="2022-07-29T14:59:07 IST" name="hidepassword" finished-at="2022-07-29T14:59:09 IST" duration-ms="2083" status="PASS">
          <reporter-output>
          </reporter-output>
        </test-method> <!-- hidepassword -->
        <test-method is-config="true" signature="teardown()[pri:0, instance:SparkReport.Utility@1ed4ae0f]" started-at="2022-07-29T14:59:09 IST" name="teardown" finished-at="2022-07-29T14:59:09 IST" duration-ms="317" status="PASS">
          <reporter-output>
          </reporter-output>
        </test-method> <!-- teardown -->
      </class> <!-- SparkReport.Utility -->
    </test> <!-- SparkReport -->
  </suite> <!-- Suite1 -->
</testng-results>
